<?xml version="1.0" encoding="UTF-8"?>
<testng-results ignored="0" total="1" passed="1" failed="0" skipped="0">
  <reporter-output>
  </reporter-output>
  <suite started-at="2023-06-02T11:06:59 IST" name="Failed suite [Default suite]" finished-at="2023-06-02T11:07:03 IST" duration-ms="4772">
    <groups>
    </groups>
    <test started-at="2023-06-02T11:06:59 IST" name="Default test(failed)" finished-at="2023-06-02T11:07:03 IST" duration-ms="4772">
      <class name="com.testNG.Report.NewTest">
        <test-method is-config="true" signature="beforeTest()[pri:0, instance:com.testNG.Report.NewTest@4567f35d]" started-at="2023-06-02T11:06:59 IST" name="beforeTest" finished-at="2023-06-02T11:07:03 IST" duration-ms="4079" status="PASS">
          <reporter-output>
          </reporter-output>
        </test-method> <!-- beforeTest -->
        <test-method signature="facebook()[pri:0, instance:com.testNG.Report.NewTest@4567f35d]" started-at="2023-06-02T11:07:03 IST" name="facebook" finished-at="2023-06-02T11:07:03 IST" duration-ms="433" status="PASS">
          <reporter-output>
          </reporter-output>
        </test-method> <!-- facebook -->
        <test-method is-config="true" signature="afterTest()[pri:0, instance:com.testNG.Report.NewTest@4567f35d]" started-at="2023-06-02T11:07:03 IST" name="afterTest" finished-at="2023-06-02T11:07:03 IST" duration-ms="215" status="PASS">
          <reporter-output>
          </reporter-output>
        </test-method> <!-- afterTest -->
      </class> <!-- com.testNG.Report.NewTest -->
    </test> <!-- Default test(failed) -->
  </suite> <!-- Failed suite [Default suite] -->
</testng-results>
